13 15
12 15
13 14
12 14
11 15
10 15
11 14
10 14
11 13
10 13
10 12
9 15
11 12
8 15
9 14
8 14
2 9
3 6
3 7
3 11
2 6
8 10
3 5
2 5
3 4
3 13
2 4
2 7
3 10
0 6
2 12
3 8
2 14
0 13
0 9
6 8
1 5
1 10
0 4
0 14
1 9
0 3
1 15
1 4
6 13
0 10
1 6
6 12
0 11
2 10
6 14
1 3
0 7
6 9
1 8
9 10
0 15
1 11
0 12
1 12
0 2
0 5
1 13
1 2
6 11
6 10
1 7
6 15
1 14
0 8
2 11
2 8
3 9
3 12
2 13
3 14
2 15
3 15
5 7
7 8
5 6
4 8
4 7
5 13
5 8
4 9
5 12
5 9
5 11
4 6
5 10
4 11
4 12
4 13
4 14
5 15
4 10
5 14
4 15
7 9
7 10
7 11
7 12
7 13
7 14
7 15
8 11
9 11
8 12
9 12
8 13
9 13
