Causet Simulation
Graph ID: 1393376096
19:54:56 02/25/14

Causet Input Parameters:
------------------------
Target Nodes (N_tar)			25441
Target Expected Average Degrees (k_tar)	5.29
Pseudoradius (a)			2

Causet Calculated Values:
--------------------------
Resulting Nodes (N_res)			0
Resulting Average Degrees (k_res)	-nan
Maximum Conformal Time (eta_0)		1.52969
Maximum Rescaled Time (tau_0)		1.94234
Average Clustering			-nan

Network Analysis Results:
-------------------------
Node Position Data:		pos/CPU_25441_5.29_2_3-1393376065.cset.pos.dat
Node Edge Data:			edg/CPU_25441_5.29_2_3-1393376065.cset.edg.dat
Degree Distribution Data:	dst/CPU_25441_5.29_2_3-1393376065.cset.dst.dat
Clustering Coefficient Data:	cls/CPU_25441_5.29_2_3-1393376065.cset.cls.dat
Clustering by Degree Data:	cdk/CPU_25441_5.29_2_3-1393376065.cset.cdk.dat

Algorithmic Performance:
--------------------------
