Causet Simulation
Graph ID: 1393376534
20:02:14 02/25/14

Causet Input Parameters:
------------------------
Target Nodes (N_tar)			25441
Target Expected Average Degrees (k_tar)	5.29
Pseudoradius (a)			2

Causet Calculated Values:
--------------------------
Resulting Nodes (N_res)			24252
Resulting Average Degrees (k_res)	7.28319
Maximum Conformal Time (eta_0)		1.52969
Maximum Rescaled Time (tau_0)		1.94234
Average Clustering			0.298521

Network Analysis Results:
-------------------------
Node Position Data:		pos/CPU_25441_5.29_2_3-1393376463.cset.pos.dat
Node Edge Data:			edg/CPU_25441_5.29_2_3-1393376463.cset.edg.dat
Degree Distribution Data:	dst/CPU_25441_5.29_2_3-1393376463.cset.dst.dat
Clustering Coefficient Data:	cls/CPU_25441_5.29_2_3-1393376463.cset.cls.dat
Clustering by Degree Data:	cdk/CPU_25441_5.29_2_3-1393376463.cset.cdk.dat

Algorithmic Performance:
--------------------------
