Causet Simulation
Graph ID: 1394223727
15:22:07 03/07/14

Causet Input Parameters:
------------------------
Target Nodes (N_tar)			25441
Target Expected Average Degrees (k_tar)	5.29
Pseudoradius (a)			2

Causet Calculated Values:
--------------------------
Resulting Nodes (N_res)			25091
Resulting Average Degrees (k_res)	7.35108
Maximum Conformal Time (eta_0)		1.52969
Maximum Rescaled Time (tau_0)		1.94234
Average Clustering			0.275301

Network Analysis Results:
-------------------------
Node Position Data:		pos/1394223727.cset.pos.dat
Node Edge Data:			edg/1394223727.cset.edg.dat
Degree Distribution Data:	dst/1394223727.cset.dst.dat
Clustering Coefficient Data:	cls/1394223727.cset.cls.dat
Clustering by Degree Data:	cdk/1394223727.cset.cdk.dat

Algorithmic Performance:
--------------------------
