Causet Simulation
Graph ID: 1393369032
17:57:12 02/25/14

Causet Input Parameters:
------------------------
Target Nodes (N_tar)			25441
Target Expected Average Degrees (k_tar)	5.29
Pseudoradius (a)			2

Causet Calculated Values:
--------------------------
Resulting Nodes (N_res)	22661
Resulting Average Degrees (k_res)	7.301
Maximum Conformal Time (eta_0)		1.52969
Maximum Rescaled Time (tau_0)		1.94234
Average Clustering			0.258169

Network Analysis Results:
-------------------------
Node Position Data:		pos/CPU_25441_5.29_2_4-1393368963.cset.pos.dat
Node Edge Data:		edg/CPU_25441_5.29_2_4-1393368963.cset.edg.dat
Degree Distribution Data:	dst/CPU_25441_5.29_2_4-1393368963.cset.dst.dat
Clustering Coefficient Data:	cls/CPU_25441_5.29_2_4-1393368963.cset.cls.dat
Clustering by Degree Data:	cdk/CPU_25441_5.29_2_4-1393368963.cset.cdk.dat

Algorithmic Performance:
--------------------------
