This is pdfTeXk, Version 3.141592-1.40.3 (Web2C 7.5.6) (format=pdflatex 2013.10.9)  18 OCT 2014 15:46
entering extended mode
 %&-line parsing enabled.
**causets.tex
(./causets.tex
LaTeX2e <2005/12/01>
Babel <v3.8h> and hyphenation patterns for english, usenglishmax, dumylang, noh
yphenation, arabic, basque, bulgarian, coptic, welsh, czech, slovak, german, ng
erman, danish, esperanto, spanish, catalan, galician, estonian, farsi, finnish,
 french, greek, monogreek, ancientgreek, croatian, hungarian, interlingua, ibyc
us, indonesian, icelandic, italian, latin, mongolian, dutch, norsk, polish, por
tuguese, pinyin, romanian, russian, slovenian, uppersorbian, serbian, swedish, 
turkish, ukenglish, ukrainian, loaded.
(/usr/share/texmf/tex/latex/revtex/revtex4-1.cls
Document Class: revtex4-1 2010/07/25/20:33:00 4.1r (http://publish.aps.org/revt
ex4/ for documentation)
 Copyright (c) 2009 The American Physical Society.
 mailto:revtex@aps.org
 Licensed under the LPPL:
http://www.ctan.org/tex-archive/macros/latex/base/lppl.txt
 Arthur Ogawa <arthur_ogawa at sbcglobal dot net>
 Based on work by David Carlisle <david at dcarlisle.demon.co.uk>.
ltxutil[2010/07/25/20:33:00 4.1r utilities package (portions licensed from W. E
. Baxter web at superscript.com)]
LaTeX Info: Redefining \@centercr on input line 308.
Class revtex4-1 Info: Repairing broken LaTeX eqnarray on input line 358.
\eqncolsep=\skip41
Class revtex4-1 Info: Repairing hyperref-unfriendly LaTeX definition of \mpfoot
note on input line 433.
Class revtex4-1 Info: Repairing broken LateX \@sect on input line 755.
\intertabularlinepenalty=\count79
\@tbpen=\count80
\@arstrutbox@hline=\box26
Class revtex4-1 Info: Repairing broken LaTeX \@xbitor on input line 1786.
Class revtex4-1 Info: Making \typeout \long on input line 2046.
ltxfront[2010/07/25/20:33:00 4.1r frontmatter package (AO,DPC)]
\c@affil=\count81
\c@collab=\count82
\absbox=\box27
ltxgrid[2010/07/25/20:33:00 4.1r page grid package (portions licensed from W. E
. Baxter web at superscript.com)]
\c@linecount=\count83
\output@latex=\toks14
\box@size@1=\box28
\box@size@2=\box29
\@protection@box=\box30
\@topmark@saved=\toks15
\footins@saved=\box31
\footins@recovered=\box32
\column@recovered=\box33
\pagesofar=\box34
\footsofar=\box35
\pagegrid@col=\count84
Class revtex4-1 Info: Overriding \@vspace, \@vspacer, \@no@pgbk, \@newline, and
 \\  on input line 5578.
\c@part=\count85
\c@section=\count86
\c@subsection=\count87
\c@subsubsection=\count88
\c@paragraph=\count89
\c@subparagraph=\count90
\abovecaptionskip=\skip42
\belowcaptionskip=\skip43
\c@figure=\count91
\fbox@1=\box36
\c@table=\count92
\fbox@2=\box37
\c@video=\count93
\fbox@4=\box38
\@bibdataout=\write3
\widetext@top=\box39
\widetext@bot=\box40

Class revtex4-1 Warning: No Society specified, using default society aps.

(/usr/share/texmf/tex/latex/revtex/aps4-1.rtx
File: aps4-1 2010/07/25/20:33:00 4.1r (http://publish.aps.org/revtex4/ for docu
mentation)
Class revtex4-1 Info: RevTeX society APS selected on input line 31.
)

Class revtex4-1 Warning: No journal specified, using default pra.

Class revtex4-1 Info: APS journal PRA selected on input line 7545.
(/usr/share/texmf/tex/latex/revtex/aps12pt4-1.rtx
File: aps12pt4-1 2010/07/25/20:33:00 4.1r (http://publish.aps.org/revtex4/ for 
documentation)
Class revtex4-1 Info: RevTeX pointsize 12pt selected on input line 30.
)
(/usr/share/texmf/tex/latex/textcase/textcase.sty
Package: textcase 2004/10/07 v0.07 Text only upper/lower case changing (DPC)
)
(/usr/share/texmf/tex/latex/amsfonts/amssymb.sty
Package: amssymb 2002/01/22 v2.2d

(/usr/share/texmf/tex/latex/amsfonts/amsfonts.sty
Package: amsfonts 2001/10/25 v2.2f
\@emptytoks=\toks16
\symAMSa=\mathgroup4
\symAMSb=\mathgroup5
LaTeX Font Info:    Overwriting math alphabet `\mathfrak' in version `bold'
(Font)                  U/euf/m/n --> U/euf/b/n on input line 132.
))
(/usr/share/texmf/tex/latex/amsmath/amsmath.sty
Package: amsmath 2013/01/14 v2.14 AMS math features
\@mathmargin=\skip44

For additional information on amsmath, use the `?' option.
(/usr/share/texmf/tex/latex/amsmath/amstext.sty
Package: amstext 2000/06/29 v2.01

(/usr/share/texmf/tex/latex/amsmath/amsgen.sty
File: amsgen.sty 1999/11/30 v2.0
\@emptytoks=\toks17
\ex@=\dimen102
)
LaTeX Info: Redefining \text on input line 39.
)
(/usr/share/texmf/tex/latex/amsmath/amsbsy.sty
Package: amsbsy 1999/11/29 v1.2d
\pmbraise@=\dimen103
)
(/usr/share/texmf/tex/latex/amsmath/amsopn.sty
Package: amsopn 1999/12/14 v2.01 operator names
)
\inf@bad=\count94
LaTeX Info: Redefining \frac on input line 210.
\uproot@=\count95
\leftroot@=\count96
LaTeX Info: Redefining \overline on input line 306.
\classnum@=\count97
\DOTSCASE@=\count98
LaTeX Info: Redefining \ldots on input line 378.
LaTeX Info: Redefining \dots on input line 381.
LaTeX Info: Redefining \cdots on input line 466.
\Mathstrutbox@=\box41
\strutbox@=\box42
\big@size=\dimen104
LaTeX Font Info:    Redeclaring font encoding OML on input line 566.
LaTeX Font Info:    Redeclaring font encoding OMS on input line 567.
\macc@depth=\count99
\c@MaxMatrixCols=\count100
\dotsspace@=\muskip10
\c@parentequation=\count101
\dspbrk@lvl=\count102
\tag@help=\toks18
\row@=\count103
\column@=\count104
\maxfields@=\count105
\andhelp@=\toks19
\eqnshift@=\dimen105
\alignsep@=\dimen106
\tagshift@=\dimen107
\tagwidth@=\dimen108
\totwidth@=\dimen109
\lineht@=\dimen110
\@envbody=\toks20
\multlinegap=\skip45
\multlinetaggap=\skip46
\mathdisplay@stack=\toks21
LaTeX Info: Redefining \[ on input line 2665.
LaTeX Info: Redefining \] on input line 2666.
)
(/usr/share/texmf/tex/latex/ltxmisc/url.sty
\Urlmuskip=\muskip11
Package: url 2005/06/27  ver 3.2  Verb mode for urls, etc.
)
(/usr/share/texmf/tex/latex/natbib/natbib.sty
Package: natbib 2007/02/05 8.0 (PWD)
\bibhang=\skip47
\bibsep=\skip48
LaTeX Info: Redefining \cite on input line 602.
\c@NAT@ctr=\count106
)

LaTeX Warning: You have requested, on input line 7549, version
               `2009/11/07 8.31a (PWD, AO)' of package natbib,
               but only version
               `2007/02/05 8.0 (PWD)'
               is available.

(/usr/share/texmf/tex/latex/revtex/revsymb4-1.sty
Package: revsymb4-1 2010/07/25/20:33:00 4.1r (http://publish.aps.org/revtex4/ f
or documentation)
LaTeX Info: Redefining \frak on input line 95.
LaTeX Info: Redefining \Bbb on input line 111.
LaTeX Info: Redefining \REV@mathfrak on input line 119.
))
(/usr/share/texmf/tex/latex/amscls/amsthm.sty
Package: amsthm 2009/07/02 v2.20.1
\thm@style=\toks22
\thm@bodyfont=\toks23
\thm@headfont=\toks24
\thm@notefont=\toks25
\thm@headpunct=\toks26
\thm@preskip=\skip49
\thm@postskip=\skip50
\thm@headsep=\skip51
\dth@everypar=\toks27
)
(/usr/share/texmf/tex/latex/appendix/appendix.sty
Package: appendix 2002/08/06 v1.2 extra appendix facilities
\c@@pps=\count107
\c@@ppsavesec=\count108
\c@@ppsaveapp=\count109
)
(/usr/share/texmf/tex/latex/commath/commath.sty
(/usr/share/texmf/tex/latex/base/ifthen.sty
Package: ifthen 2001/05/26 v1.1c Standard LaTeX ifthen package (DPC)
))
(/usr/share/texmf/tex/latex/mh/mathtools.sty
Package: mathtools 2004/10/10 v1.01a mathematical typesetting tools (MH)

(/usr/share/texmf/tex/latex/graphics/keyval.sty
Package: keyval 1999/03/16 v1.13 key=value parser (DPC)
\KV@toks@=\toks28
)
(/usr/share/texmf/tex/latex/tools/calc.sty
Package: calc 2005/08/06 v4.2 Infix arithmetic (KKT,FJ)
\calc@Acount=\count110
\calc@Bcount=\count111
\calc@Adimen=\dimen111
\calc@Bdimen=\dimen112
\calc@Askip=\skip52
\calc@Bskip=\skip53
LaTeX Info: Redefining \setlength on input line 75.
LaTeX Info: Redefining \addtolength on input line 76.
\calc@Ccount=\count112
\calc@Cskip=\skip54
)
(/usr/share/texmf/tex/latex/mh/mhsetup.sty
Package: mhsetup 2004/10/10 v1.0b programming setup (MH)
)
\g_MT_multlinerow_int=\count113
\l_MT_multwidth_dim=\dimen113
)
(/usr/share/texmf/tex/latex/graphics/color.sty
Package: color 2005/11/14 v1.0j Standard LaTeX Color (DPC)

(/usr/share/texmf/tex/latex/config/color.cfg
File: color.cfg 2007/01/18 v1.5 color configuration of teTeX/TeXLive
)
Package color Info: Driver file: pdftex.def on input line 130.

(/usr/share/texmf/tex/latex/pdftex-def/pdftex.def
File: pdftex.def 2007/01/08 v0.04d Graphics/color for pdfTeX
\Gread@gobject=\count114
)
(/usr/share/texmf/tex/latex/graphics/dvipsnam.def
File: dvipsnam.def 1999/02/16 v3.0i Driver-dependant file (DPC,SPQR)
))
(/usr/share/texmf/tex/latex/comment/comment.sty
\CommentStream=\write4
 Excluding comment 'comment')
(/usr/share/texmf/tex/latex/enumitem/enumitem.sty
Package: enumitem 2005/05/12 v1.1 Customized lists
\labelindent=\skip55
\enit@outerparindent=\dimen114
)
(/usr/share/texmf/tex/latex/float/float.sty
Package: float 2001/11/08 v1.3d Float enhancements (AL)
\c@float@type=\count115
\float@exts=\toks29
\float@box=\box43
\@float@everytoks=\toks30
\@floatcapt=\box44
)
(/usr/share/texmf/tex/latex/geometry/geometry.sty
Package: geometry 2002/07/08 v3.2 Page Geometry
\Gm@cnth=\count116
\Gm@cntv=\count117
\c@Gm@tempcnt=\count118
\Gm@bindingoffset=\dimen115
\Gm@wd@mp=\dimen116
\Gm@odd@mp=\dimen117
\Gm@even@mp=\dimen118
\Gm@dimlist=\toks31
)
(/usr/share/texmf/tex/latex/graphics/graphicx.sty
Package: graphicx 1999/02/16 v1.0f Enhanced LaTeX Graphics (DPC,SPQR)

(/usr/share/texmf/tex/latex/graphics/graphics.sty
Package: graphics 2006/02/20 v1.0o Standard LaTeX Graphics (DPC,SPQR)

(/usr/share/texmf/tex/latex/graphics/trig.sty
Package: trig 1999/03/16 v1.09 sin cos tan (DPC)
)
(/usr/share/texmf/tex/latex/config/graphics.cfg
File: graphics.cfg 2007/01/18 v1.5 graphics configuration of teTeX/TeXLive
)
Package graphics Info: Driver file: pdftex.def on input line 90.
)
\Gin@req@height=\dimen119
\Gin@req@width=\dimen120
)
(/usr/share/texmf/tex/latex/listings/listings.sty
\lst@mode=\count119
\lst@gtempboxa=\box45
\lst@token=\toks32
\lst@length=\count120
\lst@currlwidth=\dimen121
\lst@column=\count121
\lst@pos=\count122
\lst@lostspace=\dimen122
\lst@width=\dimen123
\lst@newlines=\count123
\lst@lineno=\count124
\c@lstlisting=\count125
\lst@maxwidth=\dimen124

(/usr/share/texmf/tex/latex/listings/lstpatch.sty
File: lstpatch.sty 2004/10/17 1.3b (Carsten Heinz)
)
(/usr/share/texmf/tex/latex/listings/lstmisc.sty
File: lstmisc.sty 2004/09/07 1.3 (Carsten Heinz)
\c@lstnumber=\count126
\lst@skipnumbers=\count127
\lst@framebox=\box46
)
(/usr/share/texmf/tex/latex/listings/listings.cfg
File: listings.cfg 2004/09/05 1.3 listings configuration
))
Package: listings 2004/10/17 1.3b (Carsten Heinz)

(/usr/share/texmf/tex/latex/silence/silence.sty
Package: silence 2012/07/02 v1.5b Selective filtering of warnings and error mes
sages
\sl@Save=\count128
\sl@StateNumber=\count129
\sl@MessageCount=\count130
\sl@Casualties=\count131
\sl@Filter=\toks33
\sl@Message=\toks34
\sl@UnexpandedMessage=\toks35
\sl@Mess@ge=\toks36
\sl@WarningCount=\count132
\sl@WarningNumber=\count133
\sl@WarningCasualties=\count134
\sl@TempBOW=\toks37
\sl@BankOfWarnings=\toks38
LaTeX Info: Redefining \GenericWarning on input line 433.
\sl@ErrorCount=\count135
\sl@ErrorNumber=\count136
\sl@ErrorCasualties=\count137
\sl@TempBOE=\toks39
\sl@BankOfErrors=\toks40
LaTeX Info: Redefining \GenericError on input line 601.
)
(/usr/share/texmf/tex/latex/tabto-ltx/tabto.sty
\CurrentLineWidth=\dimen125
)
Package color Info: Redefining color OliveGreen on input line 24.
Class revtex4-1 Info: Patching LaTeX tabular. on input line 33.
Class revtex4-1 Info: Robustifying \LaTeX's \boldmath command on input line 33.

Class revtex4-1 Info: cite was not loaded (OK!) on input line 33.
Class revtex4-1 Info: mcite was not loaded (OK!) on input line 33.
Class revtex4-1 Info: multicol was not loaded (OK!) on input line 33.
 (./causets.aux)
\openout1 = `causets.aux'.

LaTeX Font Info:    Checking defaults for OML/cmm/m/it on input line 33.
LaTeX Font Info:    ... okay on input line 33.
LaTeX Font Info:    Checking defaults for T1/cmr/m/n on input line 33.
LaTeX Font Info:    ... okay on input line 33.
LaTeX Font Info:    Checking defaults for OT1/cmr/m/n on input line 33.
LaTeX Font Info:    ... okay on input line 33.
LaTeX Font Info:    Checking defaults for OMS/cmsy/m/n on input line 33.
LaTeX Font Info:    ... okay on input line 33.
LaTeX Font Info:    Checking defaults for OMX/cmex/m/n on input line 33.
LaTeX Font Info:    ... okay on input line 33.
LaTeX Font Info:    Checking defaults for U/cmr/m/n on input line 33.
LaTeX Font Info:    ... okay on input line 33.
-------------------- Geometry parameters
paper: class default
landscape: --
twocolumn: --
twoside: --
asymmetric: --
h-parts: 72.26999pt, 469.75502pt, 72.26999pt
v-parts: 72.26999pt, 650.43001pt, 72.26999pt
hmarginratio: --
vmarginratio: --
lines: --
heightrounded: --
bindingoffset: 0.0pt
truedimen: --
includehead: --
includefoot: --
includemp: --
driver: pdftex
-------------------- Page layout dimensions and switches
\paperwidth  614.295pt
\paperheight 794.96999pt
\textwidth  469.75502pt
\textheight 650.43001pt
\oddsidemargin  0.0pt
\evensidemargin 0.0pt
\topmargin  -37.0pt
\headheight 12.0pt
\headsep    25.0pt
\footskip   30.0pt
\marginparwidth 44.0pt
\marginparsep   10.0pt
\columnsep  10.0pt
\skip\footins  25.25pt plus 4.0pt minus 12.0pt
\hoffset 0.0pt
\voffset 0.0pt
\mag 1000

(1in=72.27pt, 1cm=28.45pt)
-----------------------
\openout3 = `causetsNotes.bib'.


(/usr/share/texmf/tex/latex/listings/lstlang1.sty
File: lstlang1.sty 2004/09/05 1.3 listings language file
)
(/usr/share/texmf/tex/latex/listings/lstmisc.sty
File: lstmisc.sty 2004/09/07 1.3 (Carsten Heinz)
) (./causets.toc [1{/usr/share/texmf/fonts/map/pdftex/updmap/pdftex.map}] [2])
\tf@toc=\write5
\openout5 = `causets.toc'.

 [3]
LaTeX Font Info:    Try loading font information for U+msa on input line 79.

(/usr/share/texmf/tex/latex/amsfonts/umsa.fd
File: umsa.fd 2002/01/19 v2.2g AMS font definitions
)
LaTeX Font Info:    Try loading font information for U+msb on input line 79.

(/usr/share/texmf/tex/latex/amsfonts/umsb.fd
File: umsb.fd 2002/01/19 v2.2g AMS font definitions
)
Overfull \hbox (11.89522pt too wide) in paragraph at lines 96--99
\OT1/cmtt/m/n/12 local geometry and closed refers to global topology, but the t
opology is still
 []

[4] [5] [6] [7]
LaTeX Font Info:    Try loading font information for OMS+cmr on input line 230.

 (/usr/share/texmf/tex/latex/base/omscmr.fd
File: omscmr.fd 1999/05/25 v2.5h Standard LaTeX font definitions
)
LaTeX Font Info:    Font shape `OMS/cmr/m/n' in size <12> not available
(Font)              Font shape `OMS/cmsy/m/n' tried instead on input line 230.
 [8]
Underfull \hbox (badness 10000) in paragraph at lines 262--267
\OT1/cmtt/m/n/12 Why not to use numerical 2D integration? And why not to use a 
lookup table
 []


Underfull \hbox (badness 10000) in paragraph at lines 262--267
\OT1/cmtt/m/n/12 a graph, it is better to trade speed for accuracy. The lookup 
table is used
 []

[9]
Overfull \hbox (53.63557pt too wide) in paragraph at lines 314--315
[]\OT1/cmr/bx/n/12 [wc:  \OT1/cmtt/m/n/12 Let us write it in a more symmetric f
orm: $[] [] \OT1/cmr/m/n/12 = [] [][]  [][] [] d\OML/cmm/m/it/12 x \OT1/cmr/m/n
/12 d\OML/cmm/m/it/12 y$
 []

[10] <figures/Rescaled_Average_Degree.jpg, id=48, 674.52pt x 505.89pt>
File: figures/Rescaled_Average_Degree.jpg Graphic file (type jpg)

<use figures/Rescaled_Average_Degree.jpg> [11 <./figures/Rescaled_Average_Degre
e.jpg>] <figures/ctuc.png, id=52, 449.68pt x 337.26pt>
File: figures/ctuc.png Graphic file (type png)
 <use figures/ctuc.png>
[12] [13 <./figures/ctuc.png (PNG copy)>] [14] [15] [16] [17] [18] [19]
<figures/tau_dist.jpg, id=79, 674.52pt x 505.89pt>
File: figures/tau_dist.jpg Graphic file (type jpg)
 <use figures/tau_dist.jpg>
[20] [21 <./figures/tau_dist.jpg>]
<figures/Matrix_Map.jpg, id=87, 140.9265pt x 130.68825pt>
File: figures/Matrix_Map.jpg Graphic file (type jpg)

<use figures/Matrix_Map.jpg> [22] [23 <./figures/Matrix_Map.jpg>] [24] [25]
<figures/avg_degrees.jpg, id=101, 1003.75pt x 803.0pt>
File: figures/avg_degrees.jpg Graphic file (type jpg)

<use figures/avg_degrees.jpg>
Overfull \hbox (42.39458pt too wide) in paragraph at lines 844--845
 [][] 
 []

[26] [27 <./figures/avg_degrees.jpg>] [28] [29]
Overfull \hbox (23.37021pt too wide) in paragraph at lines 962--963
\OT1/cmtt/m/n/12 it is (an elementary) property of the Kummer hypergeometric fu
nction proved
 []

[30] <figures/Isolated_Nodes.jpg, id=118, 674.52pt x 505.89pt>
File: figures/Isolated_Nodes.jpg Graphic file (type jpg)

<use figures/Isolated_Nodes.jpg>
Underfull \hbox (badness 10000) in paragraph at lines 1013--1013
\OT1/cmtt/m/n/10.95 expected number of isolated nodes is less than 1% of the fu
ll network. So they
 []


Underfull \hbox (badness 10000) in paragraph at lines 1013--1013
\OT1/cmtt/m/n/10.95 alone should not strongly affect the average degree. But th
e problem is that
 []


Underfull \hbox (badness 10000) in paragraph at lines 1013--1013
\OT1/cmtt/m/n/10.95 there are non-isolated nodes that do not belong to the gian
t component. Their
 []


Underfull \hbox (badness 10000) in paragraph at lines 1013--1013
\OT1/cmtt/m/n/10.95 component you can see most of the time the giant component 
strongly dominates.
 []

[31 <./figures/Isolated_Nodes.jpg>]
<figures/Number_Components.jpg, id=124, 674.52pt x 505.89pt>
File: figures/Number_Components.jpg Graphic file (type jpg)

<use figures/Number_Components.jpg> [32 <./figures/Number_Components.jpg>]
<figures/Giant_Component.jpg, id=128, 674.52pt x 505.89pt>
File: figures/Giant_Component.jpg Graphic file (type jpg)

<use figures/Giant_Component.jpg>
Underfull \hbox (badness 3503) in paragraph at lines 1044--1044
[]\OT1/cmr/m/n/10.95 FIG. 8. The size of the gi-ant com-po-nent in a sam-ple of
 1000 graphs. These
 []


Underfull \hbox (badness 2197) in paragraph at lines 1044--1044
\OT1/cmr/m/n/10.95 were con-strained by the pa-ram-e-ters $\OML/cmm/m/it/10.95 
N \OT1/cmr/m/n/10.95 = 10240$, $\OML/cmm/m/it/10.95 ^^\[] \OT1/cmr/m/n/10.95 = 
4$, $\OML/cmm/m/it/10.95 a \OT1/cmr/m/n/10.95 = 1$, and $\OML/cmm/m/it/10.95 ^^
N \OT1/cmr/m/n/10.95 = 1$.
 []

[33 <./figures/Giant_Component.jpg>]
<figures/in_degrees.jpg, id=132, 1003.75pt x 803.0pt>
File: figures/in_degrees.jpg Graphic file (type jpg)

<use figures/in_degrees.jpg>
Overfull \hbox (42.39458pt too wide) in paragraph at lines 1065--1066
 [][] 
 []

<figures/out_degrees.jpg, id=133, 1003.75pt x 803.0pt>
File: figures/out_degrees.jpg Graphic file (type jpg)

<use figures/out_degrees.jpg>
Overfull \hbox (42.39458pt too wide) in paragraph at lines 1075--1076
 [][] 
 []

[34] [35 <./figures/in_degrees.jpg>] [36 <./figures/out_degrees.jpg>] [37]
[38] <figures/Embedding.jpg, id=150, 674.52pt x 505.89pt>
File: figures/Embedding.jpg Graphic file (type jpg)

<use figures/Embedding.jpg> [39 <./figures/Embedding.jpg>] [40]
Overfull \hbox (61.69716pt too wide) in paragraph at lines 1287--1288
\OT1/cmtt/m/n/12 computing distance between two nodes $\OML/cmm/m/it/12 n[] \OT
1/cmr/m/n/12 = (\OML/cmm/m/it/12 t[]; \OT1/cmr/m/n/12 (\OML/cmm/m/it/12 ^^R[]\O
T1/cmr/m/n/12 )[]\OML/cmm/m/it/12 ; \OT1/cmr/m/n/12 (\OML/cmm/m/it/12 ^^R[]\OT1
/cmr/m/n/12 )[]\OML/cmm/m/it/12 ; \OT1/cmr/m/n/12 (\OML/cmm/m/it/12 ^^R[]\OT1/c
mr/m/n/12 )[])$ \OT1/cmtt/m/n/12 and $\OML/cmm/m/it/12 n[] \OT1/cmr/m/n/12 = (\
OML/cmm/m/it/12 t[]; \OT1/cmr/m/n/12 (\OML/cmm/m/it/12 ^^R[]\OT1/cmr/m/n/12 )[]
\OML/cmm/m/it/12 ; \OT1/cmr/m/n/12 (\OML/cmm/m/it/12 ^^R[]\OT1/cmr/m/n/12 )[]\O
ML/cmm/m/it/12 ; \OT1/cmr/m/n/12 (\OML/cmm/m/it/12 ^^R[]\OT1/cmr/m/n/12 )[])$\O
T1/cmtt/m/n/12 ?
 []


Overfull \hbox (13.70824pt too wide) in paragraph at lines 1290--1295
[]\OT1/cmr/m/n/12 One method of val-i-dat-ing this ap-proach \OT1/cmr/bx/n/12 [
wc:  \OT1/cmtt/m/n/12 I tried to make sense of the beginning
 []

[41]
Overfull \hbox (25.50249pt too wide) in paragraph at lines 1310--1312
\OT1/cmr/bx/n/12 [wc:  \OT1/cmtt/m/n/12 It seems that $\OML/cmm/m/it/12 T[] \OM
S/cmsy/m/n/12 ^^Y \OT1/cmr/m/n/12 0$ \OT1/cmtt/m/n/12 and $\OML/cmm/m/it/12 S[]
 \OMS/cmsy/m/n/12 ^^Y \OT1/cmr/m/n/12 1$ \OT1/cmtt/m/n/12 and the network is es
sentially disconnected.
 []


Overfull \hbox (6.05905pt too wide) in paragraph at lines 1310--1312
\OT1/cmtt/m/n/12 What is $[]$ in this case, maybe it is too small? We need to s
ee how entries of
 []

[42] [43]
Overfull \hbox (13.7146pt too wide) in paragraph at lines 1386--1388
\OT1/cmr/bx/n/12 [wc:  \OT1/cmtt/m/n/12 Before we start experiments with greedy
 routing, we need to fix 2 things:
 []


Underfull \hbox (badness 10000) in paragraph at lines 1386--1388
\OT1/cmtt/m/n/12 1) find for which values of parameters we can control $[]$ in 
simulated graphs,
 []


Overfull \hbox (6.05905pt too wide) in paragraph at lines 1386--1388
\OT1/cmtt/m/n/12 i.e. generate graphs with observed $[]$ close to the target on
e. First step is
 []


Overfull \hbox (9.53368pt too wide) in paragraph at lines 1386--1388
\OT1/cmtt/m/n/12 to fix $\OML/cmm/m/it/12 N$\OT1/cmtt/m/n/12 , $\OML/cmm/m/it/1
2 ^^N$\OT1/cmtt/m/n/12 , and $\OML/cmm/m/it/12 a$\OT1/cmtt/m/n/12 , and to plot
 $\OMS/cmsy/m/n/12 h[]i$ \OT1/cmtt/m/n/12 and $\OMS/cmsy/m/n/12 hGi\OML/cmm/m/i
t/12 =N$ \OT1/cmtt/m/n/12 as functions of $[]$; expectations
 []


Overfull \hbox (18.07022pt too wide) in paragraph at lines 1386--1388
\OT1/cmtt/m/n/12 can be estimated using, say 1000 realizations. 2) Fix the entr
ies of confusion
 []


Overfull \hbox (11.89522pt too wide) in paragraph at lines 1386--1388
\OT1/cmtt/m/n/12 matrix. It must be close to the identity matrix, otherwise, ou
r embedding and
 []

[44]
Overfull \hbox (10.18959pt too wide) in paragraph at lines 1457--1462
[]\OT1/cmr/bx/n/12 [wc:  \OT1/cmtt/m/n/12 I would put this sectiona at the end,
 since many commands become clear
 []

[45] [46] [47] [48] (./causets.bbl) [49] (./causets.aux) ) 
Here is how much of TeX's memory you used:
 6555 strings out of 256216
 88009 string characters out of 1917072
 216806 words of memory out of 1500000
 9730 multiletter control sequences out of 10000+200000
 12999 words of font info for 49 fonts, out of 1200000 for 2000
 645 hyphenation exceptions out of 8191
 34i,22n,49p,773b,1450s stack positions out of 5000i,500n,6000p,200000b,15000s
</usr/share/texmf/fon
ts/type1/bluesky/cm/cmbx10.pfb></usr/share/texmf/fonts/type1/bluesky/cm/cmbx12.
pfb></usr/share/texmf/fonts/type1/bluesky/cm/cmcsc10.pfb></usr/share/texmf/font
s/type1/bluesky/cm/cmex10.pfb></usr/share/texmf/fonts/type1/bluesky/cm/cmmi10.p
fb></usr/share/texmf/fonts/type1/bluesky/cm/cmmi12.pfb></usr/share/texmf/fonts/
type1/bluesky/cm/cmmi6.pfb></usr/share/texmf/fonts/type1/bluesky/cm/cmmi8.pfb><
/usr/share/texmf/fonts/type1/bluesky/cm/cmr10.pfb></usr/share/texmf/fonts/type1
/bluesky/cm/cmr12.pfb></usr/share/texmf/fonts/type1/bluesky/cm/cmr6.pfb></usr/s
hare/texmf/fonts/type1/bluesky/cm/cmr8.pfb></usr/share/texmf/fonts/type1/bluesk
y/cm/cmsy10.pfb></usr/share/texmf/fonts/type1/bluesky/cm/cmsy6.pfb></usr/share/
texmf/fonts/type1/bluesky/cm/cmsy8.pfb></usr/share/texmf/fonts/type1/bluesky/cm
/cmti10.pfb></usr/share/texmf/fonts/type1/bluesky/cm/cmti12.pfb></usr/share/tex
mf/fonts/type1/bluesky/cm/cmtt10.pfb></usr/share/texmf/fonts/type1/bluesky/cm/c
mtt12.pfb></usr/share/texmf/fonts/type1/public/cmex/fmex8.pfb></usr/share/texmf
/fonts/type1/bluesky/ams/msbm10.pfb>
Output written on causets.pdf (49 pages, 700205 bytes).
PDF statistics:
 256 PDF objects out of 1000 (max. 8388607)
 0 named destinations out of 1000 (max. 131072)
 56 words of extra memory for PDF output out of 10000 (max. 10000000)

